<?xml version="1.0" encoding="UTF-8"?>
<!-- Generated by org.testng.reporters.JUnitReportReporter -->
<testsuite hostname="KELLGGNLPTP042" failures="0" tests="3" name="com.qa.hubspott.test.HomepageTest" time="3.520" errors="0" timestamp="11 Nov 2019 13:36:33 GMT" skipped="0">
  <testcase classname="com.qa.hubspott.test.HomepageTest" name="homepgtitleverify" time="1.152"/>
  <testcase classname="com.qa.hubspott.test.HomepageTest" name="headerverification" time="0.197"/>
  <testcase classname="com.qa.hubspott.test.HomepageTest" name="isAccountnamepresent" time="2.171"/>
</testsuite> <!-- com.qa.hubspott.test.HomepageTest -->
