<?xml version="1.0" encoding="UTF-8"?>
<!-- Generated by org.testng.reporters.JUnitReportReporter -->
<testsuite hostname="KELLGGNLPTP042" failures="0" tests="3" name="com.qa.hubspott.test.LoginpageTestA" time="7.828" errors="0" timestamp="14 Nov 2019 12:39:33 GMT" skipped="0">
  <testcase classname="com.qa.hubspott.test.LoginpageTestA" name="loginpagetittle" time="5.467"/>
  <testcase classname="com.qa.hubspott.test.LoginpageTestA" name="signuplinkisPresent" time="0.220"/>
  <testcase classname="com.qa.hubspott.test.LoginpageTestA" name="dologin" time="2.141"/>
</testsuite> <!-- com.qa.hubspott.test.LoginpageTestA -->
